2026-06-17T08:25:24Z INF Thank you for trying Cloudflare Tunnel. Doing so, without a Cloudflare account, is a quick way to experiment and try it out. However, be aware that these account-less Tunnels have no uptime guarantee, are subject to the Cloudflare Online Services Terms of Use (https://www.cloudflare.com/website-terms/), and Cloudflare reserves the right to investigate your use of Tunnels for violations of such terms. If you intend to use Tunnels in production you should use a pre-created named tunnel by following: https://developers.cloudflare.com/cloudflare-one/connections/connect-apps
2026-06-17T08:25:24Z INF Requesting new quick Tunnel on trycloudflare.com...
2026-06-17T08:25:29Z INF +--------------------------------------------------------------------------------------------+
2026-06-17T08:25:29Z INF |  Your quick Tunnel has been created! Visit it at (it may take some time to be reachable):  |
2026-06-17T08:25:29Z INF |  https://genuine-white-characteristics-rehabilitation.trycloudflare.com                    |
2026-06-17T08:25:29Z INF +--------------------------------------------------------------------------------------------+
2026-06-17T08:25:29Z INF Cannot determine default configuration path. No file [config.yml config.yaml] in [~/.cloudflared ~/.cloudflare-warp ~/cloudflare-warp /etc/cloudflared /usr/local/etc/cloudflared]
2026-06-17T08:25:29Z INF Version 2026.6.0 (Checksum 08d27c4c5d3ed73ee3e98ef2ddceb4ad09fd4cfc28e243565a189538e8ccd706)
2026-06-17T08:25:29Z INF GOOS: linux, GOVersion: go1.26.4, GoArch: amd64
2026-06-17T08:25:29Z INF Settings: map[ha-connections:1 no-autoupdate:true protocol:quic url:http://localhost:8000]
2026-06-17T08:25:29Z INF Generated Connector ID: 01b01790-4c83-4338-984e-e87e588bf69d
2026-06-17T08:25:29Z INF Initial protocol quic
2026-06-17T08:25:29Z INF ICMP proxy will use 192.168.100.9 as source for IPv4
2026-06-17T08:25:29Z INF ICMP proxy will use fe80::f6c3:90f7:a578:97ba in zone wlp0s20f3 as source for IPv6
2026-06-17T08:25:29Z WRN The user running cloudflared process has a GID (group ID) that is not within ping_group_range. You might need to add that user to a group within that range, or instead update the range to encompass a group the user is already in by modifying /proc/sys/net/ipv4/ping_group_range. Otherwise cloudflared will not be able to ping this network error="Group ID 1000 is not between ping group 1 to 0"
2026-06-17T08:25:29Z WRN ICMP proxy feature is disabled error="cannot create ICMPv4 proxy: Group ID 1000 is not between ping group 1 to 0 nor ICMPv6 proxy: socket: permission denied"
2026/06/17 13:25:29 failed to sufficiently increase receive buffer size (was: 208 kiB, wanted: 7168 kiB, got: 416 kiB). See https://github.com/quic-go/quic-go/wiki/UDP-Buffer-Sizes for details.
2026-06-17T08:25:29Z INF ICMP proxy will use 192.168.100.9 as source for IPv4
2026-06-17T08:25:29Z INF ICMP proxy will use fe80::f6c3:90f7:a578:97ba in zone wlp0s20f3 as source for IPv6
2026-06-17T08:25:29Z INF Starting metrics server on 127.0.0.1:20241/metrics
2026-06-17T08:25:29Z INF Tunnel connection curve preferences: [X25519MLKEM768 CurveID(65074) CurveP256] connIndex=0 event=0 ip=198.41.192.57
2026-06-17T08:25:30Z INF Registered tunnel connection connIndex=0 connection=7b52bd41-eebf-40c4-bc59-2c0279805e20 event=0 ip=198.41.192.57 location=khi02 protocol=quic
2026-06-17T08:25:35Z INF +-------------------------------------------------------------------------------------+
2026-06-17T08:25:35Z INF |                               CONNECTIVITY PRE-CHECKS                               |
2026-06-17T08:25:35Z INF +-------------------------------------------------------------------------------------+
2026-06-17T08:25:35Z INF |  COMPONENT         TARGET                     STATUS  DETAILS                       |
2026-06-17T08:25:35Z INF |  DNS Resolution    region1.v2.argotunnel.com  PASS    DNS Resolved successfully     |
2026-06-17T08:25:35Z INF |  DNS Resolution    region2.v2.argotunnel.com  PASS    DNS Resolved successfully     |
2026-06-17T08:25:35Z INF |  UDP Connectivity  region1.v2.argotunnel.com  PASS    QUIC connection successful    |
2026-06-17T08:25:35Z INF |  UDP Connectivity  region2.v2.argotunnel.com  PASS    QUIC connection successful    |
2026-06-17T08:25:35Z INF |  TCP Connectivity  region1.v2.argotunnel.com  PASS    HTTP/2 connection successful  |
2026-06-17T08:25:35Z INF |  TCP Connectivity  region2.v2.argotunnel.com  PASS    HTTP/2 connection successful  |
2026-06-17T08:25:35Z INF |  Cloudflare API    api.cloudflare.com:443     PASS    API is reachable              |
2026-06-17T08:25:35Z INF |                                                                                     |
2026-06-17T08:25:35Z INF |  SUMMARY: Environment is healthy. cloudflared will use 'quic' as primary protocol.  |
2026-06-17T08:25:35Z INF +-------------------------------------------------------------------------------------+
2026-06-17T08:25:35Z INF precheck component="DNS Resolution" details="DNS Resolved successfully" run_id=e9ec9e81-ddc7-4eb2-8bc7-aff3d41aa6d0 status=pass target=region1.v2.argotunnel.com
2026-06-17T08:25:35Z INF precheck component="DNS Resolution" details="DNS Resolved successfully" run_id=e9ec9e81-ddc7-4eb2-8bc7-aff3d41aa6d0 status=pass target=region2.v2.argotunnel.com
2026-06-17T08:25:35Z INF precheck component="UDP Connectivity" details="QUIC connection successful" run_id=e9ec9e81-ddc7-4eb2-8bc7-aff3d41aa6d0 status=pass target=region1.v2.argotunnel.com
2026-06-17T08:25:35Z INF precheck component="UDP Connectivity" details="QUIC connection successful" run_id=e9ec9e81-ddc7-4eb2-8bc7-aff3d41aa6d0 status=pass target=region2.v2.argotunnel.com
2026-06-17T08:25:35Z INF precheck component="TCP Connectivity" details="HTTP/2 connection successful" run_id=e9ec9e81-ddc7-4eb2-8bc7-aff3d41aa6d0 status=pass target=region1.v2.argotunnel.com
2026-06-17T08:25:35Z INF precheck component="TCP Connectivity" details="HTTP/2 connection successful" run_id=e9ec9e81-ddc7-4eb2-8bc7-aff3d41aa6d0 status=pass target=region2.v2.argotunnel.com
2026-06-17T08:25:35Z INF precheck component="Cloudflare API" details="API is reachable" run_id=e9ec9e81-ddc7-4eb2-8bc7-aff3d41aa6d0 status=pass target=api.cloudflare.com:443
2026-06-17T08:25:35Z INF precheck complete hard_fail=false run_id=e9ec9e81-ddc7-4eb2-8bc7-aff3d41aa6d0 suggested_protocol=quic
